<?xml version="1.0" encoding="UTF-8"?>
<!-- Generated by org.testng.reporters.JUnitReportReporter -->
<testsuite hostname="SmacAR-LP-W" name="samples.CloudTest" tests="1" failures="0" timestamp="10 May 2018 06:10:37 GMT" time="9.872" errors="0">
  <testcase name="Login" time="9.872" classname="samples.CloudTest"/>
</testsuite> <!-- samples.CloudTest -->
