<?xml version="1.0" encoding="UTF-8"?>
<!-- Generated by org.testng.reporters.JUnitReportReporter -->
<testsuite hostname="SmacAR-LP-W" name="samples.LeafOrg" tests="1" failures="0" timestamp="31 Mar 2018 07:14:40 GMT" time="47.271" errors="0">
  <testcase name="touchActPress" time="47.271" classname="samples.LeafOrg"/>
</testsuite> <!-- samples.LeafOrg -->
