<?xml version="1.0" encoding="UTF-8"?>
<!-- Generated by org.testng.reporters.JUnitReportReporter -->
<testsuite hostname="SmacAR-LP-W" name="samples.CallApp" tests="1" failures="0" timestamp="27 Mar 2018 09:25:07 GMT" time="48.980" errors="0">
  <testcase name="moto_callContact" time="48.980" classname="samples.CallApp"/>
</testsuite> <!-- samples.CallApp -->
