<?xml version="1.0" encoding="UTF-8"?>
<!-- Generated by org.testng.reporters.JUnitReportReporter -->
<testsuite hostname="SmacAR-LP-W" name="samples.Multitouch" tests="2" failures="0" timestamp="14 Apr 2018 14:47:51 GMT" time="76.246" errors="0">
  <testcase name="touchActionTap" time="35.138" classname="samples.Multitouch"/>
  <testcase name="touchActionSwipe" time="41.108" classname="samples.Multitouch"/>
</testsuite> <!-- samples.Multitouch -->
