<?xml version="1.0" encoding="UTF-8"?>
<!-- Generated by org.testng.reporters.JUnitReportReporter -->
<testsuite hostname="SmacAR-LP-W" name="samples.Base" tests="1" failures="0" timestamp="8 Apr 2018 07:14:56 GMT" time="28.687" errors="0">
  <testcase name="Login" time="28.687" classname="samples.Base"/>
</testsuite> <!-- samples.Base -->
