<?xml version="1.0" encoding="UTF-8"?>
<!-- Generated by org.testng.reporters.JUnitReportReporter -->
<testsuite hostname="SmacAR-LP-W" name="samples.AppiumTest" tests="1" failures="0" timestamp="12 Apr 2018 13:36:33 GMT" time="28.077" errors="0">
  <testcase name="Login" time="28.077" classname="samples.AppiumTest"/>
</testsuite> <!-- samples.AppiumTest -->
