<?xml version="1.0" encoding="UTF-8"?>
<!-- Generated by org.testng.reporters.JUnitReportReporter -->
<testsuite hostname="SmacAR-LP-W" name="samples.MessageApp" tests="1" failures="0" timestamp="30 Mar 2018 09:48:29 GMT" time="74.413" errors="0">
  <testcase name="pixel_sendSMS" time="74.413" classname="samples.MessageApp"/>
</testsuite> <!-- samples.MessageApp -->
