<?xml version="1.0" encoding="UTF-8"?>
<!-- Generated by org.testng.reporters.JUnitReportReporter -->
<testsuite hostname="SmacAR-LP-W" name="samples.ZooponAppQA" tests="1" failures="0" timestamp="16 Apr 2018 14:04:19 GMT" time="114.823" errors="0">
  <testcase name="moto_loginUser" time="114.823" classname="samples.ZooponAppQA"/>
</testsuite> <!-- samples.ZooponAppQA -->
