<?xml version="1.0" encoding="UTF-8"?>
<!-- Generated by org.testng.reporters.JUnitReportReporter -->
<testsuite hostname="SmacAR-LP-W" name="samples.GridExecution" tests="2" failures="0" timestamp="1 Apr 2018 07:11:00 GMT" time="38.691" errors="0">
  <testcase name="Surfing" time="24.168" classname="samples.GridExecution"/>
  <testcase name="Surfing" time="14.523" classname="samples.GridExecution"/>
</testsuite> <!-- samples.GridExecution -->
