<?xml version="1.0" encoding="UTF-8"?>
<!-- Generated by org.testng.reporters.JUnitReportReporter -->
<testsuite hostname="SmacAR-LP-W" name="samples.ZooponApp3" tests="1" failures="0" timestamp="12 Apr 2018 15:35:33 GMT" time="23.284" errors="0">
  <testcase name="moto_loginUser" time="23.284" classname="samples.ZooponApp3"/>
</testsuite> <!-- samples.ZooponApp3 -->
