<?xml version="1.0" encoding="UTF-8"?>
<!-- Generated by org.testng.reporters.JUnitReportReporter -->
<testsuite hostname="SmacAR-LP-W" name="samples.ZooponApp" tests="1" failures="0" timestamp="15 Apr 2018 08:44:55 GMT" time="125.759" errors="0">
  <testcase name="moto_loginUser" time="125.759" classname="samples.ZooponApp"/>
</testsuite> <!-- samples.ZooponApp -->
